Library/Bee/Android/Prj/IL2CPP/Gradle/launcher/build/intermediates/manifest_merge_blame_file/release/manifest-merger-blame-release-report.txt
1<?xml version="1.0" encoding="utf-8"?>
2<manifest xmlns:android="http://schemas.android.com/apk/res/android"
3    package="com.DefaultCompany.XR_Interaction_Tutorial"
4    android:installLocation="preferExternal"
5    android:versionCode="1"
6    android:versionName="0.1" >
7
8    <uses-sdk
9        android:minSdkVersion="28"
9-->src\main\AndroidManifest.xml
10        android:targetSdkVersion="30" />
10-->src\main\AndroidManifest.xml
11
12    <supports-screens
12-->src\main\AndroidManifest.xml:3:3-163
13        android:anyDensity="true"
13-->src\main\AndroidManifest.xml:3:135-160
14        android:largeScreens="true"
14-->src\main\AndroidManifest.xml:3:78-105
15        android:normalScreens="true"
15-->src\main\AndroidManifest.xml:3:49-77
16        android:smallScreens="true"
16-->src\main\AndroidManifest.xml:3:21-48
17        android:xlargeScreens="true" />
17-->src\main\AndroidManifest.xml:3:106-134
18
19    <uses-feature android:glEsVersion="0x00030000" />
19-->[:unityLibrary] AndroidManifest.xml:12:5-54
19-->[:unityLibrary] AndroidManifest.xml:12:19-51
20
21    <uses-permission android:name="android.permission.INTERNET" />
21-->[:unityLibrary] AndroidManifest.xml:14:5-67
21-->[:unityLibrary] AndroidManifest.xml:14:22-64
22    <uses-permission android:name="android.permission.ACCESS_NETWORK_STATE" />
22-->[:unityLibrary] AndroidManifest.xml:15:5-79
22-->[:unityLibrary] AndroidManifest.xml:15:22-76
23
24    <uses-feature
24-->[:unityLibrary] AndroidManifest.xml:17:5-19:36
25        android:name="android.hardware.touchscreen"
25-->[:unityLibrary] AndroidManifest.xml:18:9-52
26        android:required="false" />
26-->[:unityLibrary] AndroidManifest.xml:19:9-33
27    <uses-feature
27-->[:unityLibrary] AndroidManifest.xml:20:5-22:36
28        android:name="android.hardware.touchscreen.multitouch"
28-->[:unityLibrary] AndroidManifest.xml:21:9-63
29        android:required="false" />
29-->[:unityLibrary] AndroidManifest.xml:22:9-33
30    <uses-feature
30-->[:unityLibrary] AndroidManifest.xml:23:5-25:36
31        android:name="android.hardware.touchscreen.multitouch.distinct"
31-->[:unityLibrary] AndroidManifest.xml:24:9-72
32        android:required="false" />
32-->[:unityLibrary] AndroidManifest.xml:25:9-33
33    <uses-feature
33-->[:unityLibrary:xrmanifest.androidlib] AndroidManifest.xml:9:5-12:31
34        android:name="android.hardware.vr.headtracking"
34-->[:unityLibrary:xrmanifest.androidlib] AndroidManifest.xml:10:9-56
35        android:required="true"
35-->[:unityLibrary:xrmanifest.androidlib] AndroidManifest.xml:11:9-32
36        android:version="1" />
36-->[:unityLibrary:xrmanifest.androidlib] AndroidManifest.xml:12:9-28
37
38    <application
38-->src\main\AndroidManifest.xml:4:3-83
39        android:extractNativeLibs="true"
39-->[:unityLibrary] AndroidManifest.xml:27:18-50
40        android:icon="@mipmap/app_icon"
40-->src\main\AndroidManifest.xml:4:49-80
41        android:label="@string/app_name" >
41-->src\main\AndroidManifest.xml:4:16-48
42        <activity
42-->[:unityLibrary] AndroidManifest.xml:28:9-49:20
43            android:name="com.unity3d.player.UnityPlayerActivity"
43-->[:unityLibrary] AndroidManifest.xml:29:13-66
44            android:configChanges="mcc|mnc|locale|touchscreen|keyboard|keyboardHidden|navigation|orientation|screenLayout|uiMode|screenSize|smallestScreenSize|fontScale|layoutDirection|density"
44-->[:unityLibrary] AndroidManifest.xml:30:13-194
45            android:hardwareAccelerated="false"
45-->[:unityLibrary] AndroidManifest.xml:31:13-48
46            android:launchMode="singleTask"
46-->[:unityLibrary] AndroidManifest.xml:32:13-44
47            android:resizeableActivity="false"
47-->[:unityLibrary] AndroidManifest.xml:33:13-47
48            android:screenOrientation="fullUser"
48-->[:unityLibrary] AndroidManifest.xml:34:13-49
49            android:theme="@style/UnityThemeSelector" >
49-->[:unityLibrary] AndroidManifest.xml:35:13-54
50            <intent-filter>
50-->[:unityLibrary] AndroidManifest.xml:36:13-41:29
51                <action android:name="android.intent.action.MAIN" />
51-->[:unityLibrary] AndroidManifest.xml:37:17-69
51-->[:unityLibrary] AndroidManifest.xml:37:25-66
52
53                <category android:name="android.intent.category.LAUNCHER" />
53-->[:unityLibrary] AndroidManifest.xml:39:17-77
53-->[:unityLibrary] AndroidManifest.xml:39:27-74
54                <category android:name="com.oculus.intent.category.VR" />
54-->[:unityLibrary] AndroidManifest.xml:40:17-74
54-->[:unityLibrary] AndroidManifest.xml:40:27-71
55            </intent-filter>
56
57            <meta-data
57-->[:unityLibrary] AndroidManifest.xml:43:13-45:40
58                android:name="unityplayer.UnityActivity"
58-->[:unityLibrary] AndroidManifest.xml:44:17-57
59                android:value="true" />
59-->[:unityLibrary] AndroidManifest.xml:45:17-37
60            <meta-data
60-->[:unityLibrary] AndroidManifest.xml:46:13-48:40
61                android:name="android.notch_support"
61-->[:unityLibrary] AndroidManifest.xml:47:17-53
62                android:value="true" />
62-->[:unityLibrary] AndroidManifest.xml:48:17-37
63            <meta-data
63-->[:unityLibrary:xrmanifest.androidlib] AndroidManifest.xml:16:13-18:40
64                android:name="com.oculus.vr.focusaware"
64-->[:unityLibrary:xrmanifest.androidlib] AndroidManifest.xml:17:17-56
65                android:value="true" />
65-->[:unityLibrary:xrmanifest.androidlib] AndroidManifest.xml:18:17-37
66        </activity>
67
68        <meta-data
68-->[:unityLibrary] AndroidManifest.xml:51:9-53:33
69            android:name="unity.splash-mode"
69-->[:unityLibrary] AndroidManifest.xml:52:13-45
70            android:value="0" />
70-->[:unityLibrary] AndroidManifest.xml:53:13-30
71        <meta-data
71-->[:unityLibrary] AndroidManifest.xml:54:9-56:36
72            android:name="unity.splash-enable"
72-->[:unityLibrary] AndroidManifest.xml:55:13-47
73            android:value="True" />
73-->[:unityLibrary] AndroidManifest.xml:56:13-33
74        <meta-data
74-->[:unityLibrary] AndroidManifest.xml:57:9-59:36
75            android:name="unity.launch-fullscreen"
75-->[:unityLibrary] AndroidManifest.xml:58:13-51
76            android:value="True" />
76-->[:unityLibrary] AndroidManifest.xml:59:13-33
77        <meta-data
77-->[:unityLibrary] AndroidManifest.xml:60:9-62:37
78            android:name="unity.allow-resizable-window"
78-->[:unityLibrary] AndroidManifest.xml:61:13-56
79            android:value="False" />
79-->[:unityLibrary] AndroidManifest.xml:62:13-34
80        <meta-data
80-->[:unityLibrary] AndroidManifest.xml:63:9-65:50
81            android:name="notch.config"
81-->[:unityLibrary] AndroidManifest.xml:64:13-40
82            android:value="portrait|landscape" />
82-->[:unityLibrary] AndroidManifest.xml:65:13-47
83        <meta-data
83-->[:unityLibrary] AndroidManifest.xml:66:9-68:36
84            android:name="unity.auto-report-fully-drawn"
84-->[:unityLibrary] AndroidManifest.xml:67:13-57
85            android:value="true" />
85-->[:unityLibrary] AndroidManifest.xml:68:13-33
86        <meta-data
86-->[:unityLibrary:xrmanifest.androidlib] AndroidManifest.xml:21:9-23:52
87            android:name="com.oculus.supportedDevices"
87-->[:unityLibrary:xrmanifest.androidlib] AndroidManifest.xml:22:13-55
88            android:value="quest|quest2|cambria" />
88-->[:unityLibrary:xrmanifest.androidlib] AndroidManifest.xml:23:13-49
89    </application>
90
91</manifest>